[08/13 20:28:40]    DEBUG | Initial log file: logs/sehnazz602019.log (log.py:100)
[08/13 20:28:40]    DEBUG | Installed via pip. (utils.py:141)
[08/13 20:28:40]     INFO | Do you want to update/create your config-examples folder in local? Do the following: 
				pip3 install --user gitdir (only the first time)
				python3 -m gitdir https://github.com/GramAddict/bot/tree/master/config-examples (python on Windows) (utils.py:142)
[08/13 20:28:43]     INFO | Checking for updates... (utils.py:64)
[08/13 20:28:44]     INFO | Bot is updated. (utils.py:78)
[08/13 20:28:44]     INFO | GramAddict v.3.2.12 (utils.py:81)
[08/13 20:28:44]     INFO | Loading plugins . . . (plugin_loader.py:30)
[08/13 20:28:44]     INFO |   - ActionUnfollowFollowers: Handles the functionality of unfollowing your followers (plugin_loader.py:45)
[08/13 20:28:44]     INFO |   - ClonedApp: Adds support for cloned apps (plugin_loader.py:45)
[08/13 20:28:44]     INFO |   - CoreArguments: Simply adds core arguments (plugin_loader.py:45)
[08/13 20:28:44]     INFO |   - DataAnalytics: Generates a PDF analytics report of current username session data (plugin_loader.py:45)
[08/13 20:28:44]     INFO |   - InteractBloggerPostLikers: Handles the functionality of interacting with a blogger (plugin_loader.py:45)
[08/13 20:28:44]     INFO |   - InteractBloggerFollowers_Following: Handles the functionality of interacting with a bloggers followers/following (plugin_loader.py:45)
[08/13 20:28:44]     INFO |   - InteractBloggerPostLikers: Handles the functionality of interacting with a blogger post likers (plugin_loader.py:45)
[08/13 20:28:44]     INFO |   - InteractOwnFeed: Handles the functionality of interacting with your own feed (plugin_loader.py:45)
[08/13 20:28:44]     INFO |   - InteractHashtagLikers: Handles the functionality of interacting with a hashtags likers (plugin_loader.py:45)
[08/13 20:28:44]     INFO |   - InteractHashtagPosts: Handles the functionality of interacting with a hashtags post owners (plugin_loader.py:45)
[08/13 20:28:44]     INFO |   - InteractPlaceLikers: Handles the functionality of interacting with a places likers (plugin_loader.py:45)
[08/13 20:28:44]     INFO |   - InteractPlacePosts: Handles the functionality of interacting with a places post owners (plugin_loader.py:45)
[08/13 20:28:44]     INFO |   - LikeFromURLs: Likes a post from url. The urls are read from a plaintext file (plugin_loader.py:45)
[08/13 20:28:44]     INFO |   - RemoveFollowersFromList: Remove account followers from a list of usernames (plugin_loader.py:45)
[08/13 20:28:44]     INFO |   - TelegramReports: Generate reports at the end of the session and send them using telegram (plugin_loader.py:45)
[08/13 20:28:44]    DEBUG | Arguments used: run --config C:\Users\user\accounts\sehnazz602019\config.yml (config.py:160)
[08/13 20:28:44]    DEBUG | Config used: {'username': 'sehnazz602019', 'device': '127.0.0.1:21503', 'app-id': 'com.instagram.android', 'use-cloned-app': False, 'allow-untested-ig-version': True, 'screen-sleep': True, 'screen-record': False, 'speed-multiplier': 1, 'debug': False, 'close-apps': False, 'kill-atx-agent': False, 'restart-atx-agent': False, 'disable-block-detection': False, 'disable-filters': False, 'dont-type': False, 'total-crashes-limit': 5, 'count-app-crashes': False, 'shuffle-jobs': True, 'truncate-sources': '2-5', 'blogger-followers': ['chelseakauai', 'marcy_yu', 'girlshikinglife', 'r.raw_'], 'blogger-following': ['chelseakauai', 'marcy_yu', 'girlshikinglife', 'r.raw_'], 'blogger-post-likers': ['chelseakauai', 'marcy_yu', 'girlshikinglife', 'r.raw_'], 'blogger': ['chelseakauai', 'marcy_yu', 'girlshikinglife', 'r.raw_'], 'hashtag-likers-top': ['adventureculture', 'adventureculturenature'], 'hashtag-likers-recent': ['adventureculture', 'adventureculturenature'], 'hashtag-posts-top': ['adventureculture', 'adventureculturenature'], 'hashtag-posts-recent': ['adventureculture', 'adventureculturenature'], 'watch-video-time': '15-35', 'watch-photo-time': '3-4', 'delete-interacted-users': True, 'sort-followers-newest-to-oldest': False, 'unfollow-delay': 15, 'delete-removed-followers': False, 'telegram-reports': True, 'interactions-count': '10-20', 'likes-count': '1-2', 'likes-percentage': 20, 'stories-count': '1-2', 'stories-percentage': '30-40', 'carousel-count': '2-3', 'carousel-percentage': '60-70', 'max-comments-pro-user': '1-2', 'interact-percentage': '30-40', 'follow-percentage': '10-20', 'follow-limit': 5, 'skipped-list-limit': '10-15', 'skipped-posts-limit': 5, 'fling-when-skipped': 0, 'min-following': 100, 'total-likes-limit': '20-30', 'total-follows-limit': '10-20', 'total-unfollows-limit': 0, 'total-watches-limit': '120-150', 'total-successful-interactions-limit': '120-150', 'total-interactions-limit': '280-300', 'total-comments-limit': 0, 'total-pm-limit': 0, 'total-scraped-limit': '100-150', 'end-if-likes-limit-reached': True, 'end-if-follows-limit-reached': True, 'end-if-watches-limit-reached': False, 'end-if-comments-limit-reached': False, 'end-if-pm-limit-reached': False} (config.py:162)
[08/13 20:28:44]    DEBUG | Connected devices via adb: 1. That's ok. (utils.py:169)
[08/13 20:28:44]     INFO | Time delta has set to 00:00:24. (utils.py:719)
[08/13 20:28:44]    DEBUG | Whole day mode. (session_state.py:266)
[08/13 20:28:45]    DEBUG | Phone Name: ASUS_Z01QD, SDK Version: 28 (device_facade.py:29)
[08/13 20:28:45]    DEBUG | Screen dimension: 720x1280 (device_facade.py:34)
[08/13 20:28:45]    DEBUG | Screen resolution: 480x853 (device_facade.py:37)
[08/13 20:28:45]    DEBUG | Device ID: 127.0.0.1:21503 (device_facade.py:40)
[08/13 20:28:45]     INFO | Screen timeout is fine! (utils.py:230)
[08/13 20:28:45]     INFO | -------- START: 20:28:45 - 2024/08/13 -------- (bot_flow.py:132)
[08/13 20:28:45]     INFO | Device screen ON and unlocked. (bot_flow.py:149)
[08/13 20:28:45]     INFO | Open Instagram app. (utils.py:239)
[08/13 20:28:45]    DEBUG | Instagram called successfully. (utils.py:252)
[08/13 20:28:46]     INFO | Ready for botting!🤫 (utils.py:270)
[08/13 20:28:46]    DEBUG | 2.50s sleep (utils.py:467)
[08/13 20:28:49]    DEBUG | Setting FastInputIME as default keyboard. (utils.py:277)
[08/13 20:28:49]     INFO | FastInputIME is the default keyboard. (utils.py:300)
[08/13 20:28:49]     INFO | Instagram version: 343.0.0.33.101 (bot_flow.py:153)
[08/13 20:28:49]  WARNING | You have a newer version of IG then the one tested! (Tested version: 300.0.0.29.110). (bot_flow.py:157)
[08/13 20:28:49]  WARNING | Using an untested version of IG would cause unexpected behavior because some elements in the user interface may have been changed. Any crashes that occur with an untested version are not taken into account. (bot_flow.py:161)
[08/13 20:28:49]    DEBUG | Navigating to main account... (views.py:1088)
[08/13 20:28:50]    DEBUG | Single click in (649,1249). Surface: (626-671,1225-1270) (device_facade.py:474)
[08/13 20:28:51]    DEBUG | 2.37s sleep (utils.py:467)
[08/13 20:28:53]    DEBUG | Checking if app is in English.. (navigation.py:21)
[08/13 20:28:54]    DEBUG | Instagram in English. (navigation.py:28)
[08/13 20:28:55]     INFO | You are already logged as sehnazz602019! (views.py:1100)
[08/13 20:28:55]     INFO | Refresh account... (views.py:1144)
[08/13 20:28:55]    DEBUG | Swipe from: (367,303) to (379,572). (device_facade.py:306)
[08/13 20:28:56]    DEBUG | 0.47s sleep (utils.py:467)
[08/13 20:28:57]    DEBUG | 2.89s sleep (utils.py:467)
[08/13 20:29:01]     INFO | Hello, @sehnazz602019! You have 6 followers and 153 followings so far. (bot_flow.py:229)
[08/13 20:29:01]     INFO | There is/are 8 active-job(s) and 0 unfollow-job(s) scheduled for this session. (bot_flow.py:251)
[08/13 20:29:01]  WARNING | The filters file doesn't exists in your account folder (can't find accounts\sehnazz602019\filter.json). Download it from https://github.com/GramAddict/bot/blob/08e1d7aff39ec47543fa78aadd7a2f034b9ae34d/config-examples/filters.yml and place it in your account folder! (filter.py:177)
[08/13 20:29:01]     INFO | ---------------------------------------------------------------------- (utils.py:338)
[08/13 20:29:01]     INFO | Session ending conditions:          Value (utils.py:342)
[08/13 20:29:01]     INFO | ---------------------------------------------------------------------- (utils.py:346)
[08/13 20:29:01]     INFO | Likes:                              True (utils.py:350)
[08/13 20:29:01]     INFO | Follows:                            True (utils.py:354)
[08/13 20:29:01]     INFO | Watches:                            False (utils.py:358)
[08/13 20:29:01]     INFO | Comments:                           False (utils.py:362)
[08/13 20:29:01]     INFO | PM:                                 False (utils.py:366)
[08/13 20:29:01]     INFO | Total actions:                      True (not mutable) (utils.py:370)
[08/13 20:29:01]     INFO | Total successfull actions:          True (not mutable) (utils.py:374)
[08/13 20:29:01]     INFO | For more info -> https://github.com/GramAddict/docs/blob/main/configuration.md#ending-session-conditions (utils.py:378)
[08/13 20:29:01]     INFO | ---------------------------------------------------------------------- (utils.py:382)
[08/13 20:29:11]    DEBUG | Whole day mode. (session_state.py:266)
[08/13 20:29:11]     INFO | Checking session limits: (session_state.py:155)
[08/13 20:29:11]     INFO | - Total Likes:				OK (0/26) (session_state.py:155)
[08/13 20:29:11]     INFO | - Total Comments:				Limit Reached (0/0) (session_state.py:155)
[08/13 20:29:11]     INFO | - Total PM:					Limit Reached (0/0) (session_state.py:155)
[08/13 20:29:11]     INFO | - Total Followed:				OK (0/10) (session_state.py:155)
[08/13 20:29:11]     INFO | - Total Unfollowed:				Limit Reached (0/0) (session_state.py:155)
[08/13 20:29:11]     INFO | - Total Watched:				OK (0/140) (session_state.py:155)
[08/13 20:29:11]     INFO | - Total Successful Interactions:		OK (0/127) (session_state.py:155)
[08/13 20:29:11]     INFO | - Total Interactions:			OK (0/284) (session_state.py:155)
[08/13 20:29:11]     INFO | - Total Crashes:				OK (0/5) (session_state.py:155)
[08/13 20:29:11]     INFO | - Total Successful Scraped Users:		OK (0/112) (session_state.py:155)
[08/13 20:29:12]     INFO | Current active-job: hashtag-posts-recent (bot_flow.py:321)
[08/13 20:29:12]     INFO | Source list truncated at 2 items. (utils.py:647)
[08/13 20:29:12]     INFO | In this session, these sources will be handled: adventureculturenature, adventureculture (utils.py:650)
[08/13 20:29:12]    DEBUG | Checking session limits: (session_state.py:158)
[08/13 20:29:12]    DEBUG | - Total Likes:				OK (0/26) (session_state.py:158)
[08/13 20:29:12]    DEBUG | - Total Comments:				Limit Reached (0/0) (session_state.py:158)
[08/13 20:29:12]    DEBUG | - Total PM:					Limit Reached (0/0) (session_state.py:158)
[08/13 20:29:12]    DEBUG | - Total Followed:				OK (0/10) (session_state.py:158)
[08/13 20:29:12]    DEBUG | - Total Unfollowed:				Limit Reached (0/0) (session_state.py:158)
[08/13 20:29:12]    DEBUG | - Total Watched:				OK (0/140) (session_state.py:158)
[08/13 20:29:12]    DEBUG | - Total Successful Interactions:		OK (0/127) (session_state.py:158)
[08/13 20:29:12]    DEBUG | - Total Interactions:			OK (0/284) (session_state.py:158)
[08/13 20:29:12]    DEBUG | - Total Crashes:				OK (0/5) (session_state.py:158)
[08/13 20:29:12]    DEBUG | - Total Successful Scraped Users:		OK (0/112) (session_state.py:158)
[08/13 20:29:12]     INFO | Handle #adventureculturenature (interact_hashtag_posts.py:85)
[08/13 20:29:12]     INFO | Interactions count: 12 (utils.py:607)
[08/13 20:29:12]     INFO | Chance of watching stories: 34% (utils.py:607)
[08/13 20:29:12]     INFO | Chance of liking: 20% (utils.py:607)
[08/13 20:29:12]     INFO | Chance of following: 20% (utils.py:607)
[08/13 20:29:12]     INFO | Chance of commenting: 0% (utils.py:607)
[08/13 20:29:12]     INFO | Chance of interacting: 40% (utils.py:607)
[08/13 20:29:12]     INFO | Chance of send PM: 0% (utils.py:607)
[08/13 20:29:12]     INFO | Skipped post limit: 5 (utils.py:607)
[08/13 20:29:12]    DEBUG | Navigate to SEARCH (views.py:138)
[08/13 20:29:12]    DEBUG | Single click in (203,1265). Surface: (144-288,1214-1280) (device_facade.py:474)
[08/13 20:29:12]    DEBUG | 1.96s sleep (utils.py:467)
[08/13 20:29:14]    DEBUG | Single click in (257,1239). Surface: (144-288,1214-1280) (device_facade.py:474)
[08/13 20:29:15]    DEBUG | 1.12s sleep (utils.py:467)
[08/13 20:29:16]     INFO | Navigate to #adventureculturenature (views.py:397)
[08/13 20:29:16]    DEBUG | Pressing on searchbar. (views.py:400)
[08/13 20:29:16]    DEBUG | Single click in (580,67). Surface: (18-690,48-105) (device_facade.py:474)
[08/13 20:29:17]    DEBUG | 1.86s sleep (utils.py:467)
[08/13 20:29:19]    DEBUG | Single click in (548,61). Surface: (84-690,48-105) (device_facade.py:474)
[08/13 20:29:19]    DEBUG | 1.47s sleep (utils.py:467)
[08/13 20:29:21]    DEBUG | 0.91s sleep (utils.py:467)
[08/13 20:29:23]    DEBUG | Text typed in: 1.03s (device_facade.py:732)
[08/13 20:29:23]    DEBUG | 1.04s sleep (utils.py:467)
[08/13 20:29:24]    DEBUG | Single click in (348,285). Surface: (138-402,262-295) (device_facade.py:474)
[08/13 20:29:25]    DEBUG | 1.10s sleep (utils.py:467)
[08/13 20:29:26]     INFO | #adventureculturenature is in top view. (views.py:413)
[08/13 20:29:26]     INFO | Switching to Recent tab. (navigation.py:72)
[08/13 20:29:34]     INFO | CTRL-C detected . . . (decorators.py:35)
[08/13 20:29:34]     INFO | -------- PAUSED: 20:29:34 -------- (decorators.py:39)
[08/13 20:29:34]     INFO | NOTE: This is a rudimentary pause. It will restart the action, while retaining session data. (decorators.py:43)
[08/13 20:29:34]     INFO | Press RETURN to resume or CTRL-C again to Quit:  (decorators.py:47)
